2016-09-16 18:19:45,419 - RNA-Seq pipeline started!
2016-09-16 18:19:45,419 - Decompressing NG-10099_Freestyle293__1_lib134092_4708_1_1.fastq.bz2
2016-09-16 18:26:02,780 - None
2016-09-16 18:26:02,780 - Decompression finished!
2016-09-16 18:26:03,574 - Decompressing NG-10099_Freestyle293__1_lib134092_4708_1_2.fastq.bz2
2016-09-16 18:32:14,316 - None
2016-09-16 18:32:14,316 - Decompression finished!
2016-09-16 18:32:16,191 - None
2016-09-16 18:32:16,191 - Removing decompressed fastq pairs!!!
2016-09-16 18:32:16,191 - Decompressing NG-10099_293_T__3_lib134082_4708_4_1.fastq.bz2
2016-09-16 18:38:58,001 - None
2016-09-16 18:38:58,001 - Decompression finished!
2016-09-16 18:38:59,867 - Decompressing NG-10099_293_T__3_lib134082_4708_4_2.fastq.bz2
2016-09-16 18:45:48,716 - None
2016-09-16 18:45:48,716 - Decompression finished!
2016-09-16 18:45:51,991 - None
2016-09-16 18:45:51,992 - Removing decompressed fastq pairs!!!
2016-09-16 18:45:51,992 - Decompressing NG-10099_293_T__2_lib134081_4708_3_1.fastq.bz2
2016-09-16 18:49:52,239 - None
2016-09-16 18:49:52,239 - Decompression finished!
2016-09-16 18:49:53,584 - Decompressing NG-10099_293_T__2_lib134081_4708_3_2.fastq.bz2
2016-09-16 18:53:59,155 - None
2016-09-16 18:53:59,155 - Decompression finished!
2016-09-16 18:54:01,528 - None
2016-09-16 18:54:01,528 - Removing decompressed fastq pairs!!!
2016-09-16 18:54:01,529 - Decompressing NG-10099_Freestyle293__2_lib134093_4708_1_1.fastq.bz2
2016-09-16 18:59:31,114 - None
2016-09-16 18:59:31,115 - Decompression finished!
2016-09-16 18:59:32,807 - Decompressing NG-10099_Freestyle293__2_lib134093_4708_1_2.fastq.bz2
2016-09-16 19:04:59,557 - None
2016-09-16 19:04:59,558 - Decompression finished!
2016-09-16 19:05:02,752 - None
2016-09-16 19:05:02,752 - Removing decompressed fastq pairs!!!
2016-09-16 19:05:02,752 - Decompressing NG-10099_293_T__1_lib134080_4708_3_1.fastq.bz2
2016-09-16 19:09:30,060 - None
2016-09-16 19:09:30,061 - Decompression finished!
2016-09-16 19:09:31,461 - Decompressing NG-10099_293_T__1_lib134080_4708_3_2.fastq.bz2
2016-09-16 19:14:08,879 - None
2016-09-16 19:14:08,880 - Decompression finished!
2016-09-16 19:14:11,613 - None
2016-09-16 19:14:11,613 - Removing decompressed fastq pairs!!!
2016-09-16 19:14:11,613 - Decompressing NG-10099_293_H__2_lib134090_4708_1_1.fastq.bz2
2016-09-16 19:19:09,049 - None
2016-09-16 19:19:09,050 - Decompression finished!
2016-09-16 19:19:43,381 - Decompressing NG-10099_293_H__2_lib134090_4708_1_2.fastq.bz2
2016-09-16 19:24:33,599 - None
2016-09-16 19:24:33,599 - Decompression finished!
2016-09-16 19:24:36,180 - None
2016-09-16 19:24:36,180 - Removing decompressed fastq pairs!!!
2016-09-16 19:24:36,180 - Decompressing NG-10099_293_H__1_lib134089_4710_4_1.fastq.bz2
2016-09-16 19:33:28,915 - None
2016-09-16 19:33:28,915 - Decompression finished!
2016-09-16 19:33:33,855 - Decompressing NG-10099_293_H__1_lib134089_4710_4_2.fastq.bz2
2016-09-16 19:43:41,623 - None
2016-09-16 19:43:41,624 - Decompression finished!
2016-09-16 19:43:46,114 - None
2016-09-16 19:43:46,114 - Removing decompressed fastq pairs!!!
2016-09-16 19:43:46,115 - Decompressing NG-10099_293_F__3_lib134088_4710_4_1.fastq.bz2
2016-09-16 20:04:32,660 - None
2016-09-16 20:04:32,660 - Decompression finished!
2016-09-16 20:04:32,838 - Decompressing NG-10099_293_F__3_lib134088_4710_4_2.fastq.bz2
2016-09-16 20:24:10,477 - None
2016-09-16 20:24:10,478 - Decompression finished!
2016-09-16 20:24:12,087 - None
2016-09-16 20:24:12,087 - Removing decompressed fastq pairs!!!
2016-09-16 20:24:12,088 - Decompressing NG-10099_293_F__2_lib134087_4710_4_1.fastq.bz2
2016-09-16 20:41:56,674 - None
2016-09-16 20:41:56,675 - Decompression finished!
2016-09-16 20:42:04,804 - Decompressing NG-10099_293_F__2_lib134087_4710_4_2.fastq.bz2
2016-09-16 20:59:57,955 - None
2016-09-16 20:59:57,955 - Decompression finished!
2016-09-16 21:00:05,989 - None
2016-09-16 21:00:05,989 - Removing decompressed fastq pairs!!!
2016-09-16 21:00:05,989 - Decompressing NG-10099_293_F__1_lib134086_4710_4_1.fastq.bz2
2016-09-16 21:15:55,987 - None
2016-09-16 21:15:55,987 - Decompression finished!
2016-09-16 21:15:58,465 - Decompressing NG-10099_293_F__1_lib134086_4710_4_2.fastq.bz2
2016-09-16 21:34:41,518 - None
2016-09-16 21:34:41,518 - Decompression finished!
2016-09-16 21:34:43,376 - None
2016-09-16 21:34:43,377 - Removing decompressed fastq pairs!!!
2016-09-16 21:34:43,377 - Decompressing NG-10099_293_E__3_lib134085_4710_4_1.fastq.bz2
2016-09-16 21:51:44,867 - None
2016-09-16 21:51:44,868 - Decompression finished!
2016-09-16 21:51:50,779 - Decompressing NG-10099_293_E__3_lib134085_4710_4_2.fastq.bz2
2016-09-16 22:09:39,689 - None
2016-09-16 22:09:39,689 - Decompression finished!
2016-09-16 22:09:41,780 - None
2016-09-16 22:09:41,781 - Removing decompressed fastq pairs!!!
2016-09-16 22:09:41,781 - Decompressing NG-10099_293_E__2_lib134084_4710_4_1.fastq.bz2
2016-09-16 22:26:01,134 - None
2016-09-16 22:26:01,135 - Decompression finished!
2016-09-16 22:26:02,424 - Decompressing NG-10099_293_E__2_lib134084_4710_4_2.fastq.bz2
2016-09-16 22:41:34,948 - None
2016-09-16 22:41:34,948 - Decompression finished!
2016-09-16 22:41:41,486 - None
2016-09-16 22:41:41,486 - Removing decompressed fastq pairs!!!
2016-09-16 22:41:41,486 - Decompressing NG-10099_293_E_1_lib137067_4755_1_1.fastq.bz2
2016-09-16 22:55:24,731 - None
2016-09-16 22:55:24,731 - Decompression finished!
2016-09-16 22:55:27,124 - Decompressing NG-10099_293_E_1_lib137067_4755_1_2.fastq.bz2
2016-09-16 23:09:36,589 - None
2016-09-16 23:09:36,589 - Decompression finished!
2016-09-16 23:09:43,442 - None
2016-09-16 23:09:43,442 - Removing decompressed fastq pairs!!!
2016-09-16 23:09:43,443 - Decompressing NG-10099_293_H__3_lib134091_4708_1_1.fastq.bz2
2016-09-16 23:19:07,889 - None
2016-09-16 23:19:07,890 - Decompression finished!
2016-09-16 23:19:11,805 - Decompressing NG-10099_293_H__3_lib134091_4708_1_2.fastq.bz2
2016-09-16 23:28:41,404 - None
2016-09-16 23:28:41,405 - Decompression finished!
2016-09-16 23:28:44,795 - None
2016-09-16 23:28:44,795 - Removing decompressed fastq pairs!!!
2016-09-16 23:28:44,795 - Decompressing NG-10099_Freestyle293__3_lib134094_4708_1_1.fastq.bz2
2016-09-16 23:36:54,264 - None
2016-09-16 23:36:54,265 - Decompression finished!
2016-09-16 23:36:56,848 - Decompressing NG-10099_Freestyle293__3_lib134094_4708_1_2.fastq.bz2
2016-09-16 23:44:54,776 - None
2016-09-16 23:44:54,776 - Decompression finished!
2016-09-16 23:44:56,854 - None
2016-09-16 23:44:56,854 - Removing decompressed fastq pairs!!!
2016-09-16 23:44:56,854 - Decompressing NG-10099_HEK293__1_lib134077_4708_1_1.fastq.bz2
2016-09-16 23:53:33,587 - None
2016-09-16 23:53:33,587 - Decompression finished!
2016-09-16 23:53:37,141 - Decompressing NG-10099_HEK293__1_lib134077_4708_1_2.fastq.bz2
2016-09-17 00:02:16,882 - None
2016-09-17 00:02:16,882 - Decompression finished!
2016-09-17 00:02:19,606 - None
2016-09-17 00:02:19,606 - Removing decompressed fastq pairs!!!
2016-09-17 00:02:19,607 - Decompressing NG-10099_HEK293__2_lib134078_4708_3_1.fastq.bz2
2016-09-17 00:10:43,023 - None
2016-09-17 00:10:43,023 - Decompression finished!
2016-09-17 00:10:50,035 - Decompressing NG-10099_HEK293__2_lib134078_4708_3_2.fastq.bz2
2016-09-17 00:19:18,805 - None
2016-09-17 00:19:18,805 - Decompression finished!
2016-09-17 00:19:26,480 - None
2016-09-17 00:19:26,481 - Removing decompressed fastq pairs!!!
2016-09-17 00:19:26,481 - Decompressing NG-10099_HEK293__3_lib134079_4708_3_1.fastq.bz2
2016-09-17 00:29:01,113 - None
2016-09-17 00:29:01,114 - Decompression finished!
2016-09-17 00:29:07,567 - Decompressing NG-10099_HEK293__3_lib134079_4708_3_2.fastq.bz2
2016-09-17 00:38:49,307 - None
2016-09-17 00:38:49,307 - Decompression finished!
2016-09-17 00:38:56,466 - None
2016-09-17 00:38:56,466 - Removing decompressed fastq pairs!!!
2016-09-17 00:38:56,466 - RNA-Seq pipeline finished!
